TN:
SF:/home/georgius/projects/vep/vue-crud-test/src/App.vue
FN:19,(anonymous_0)
FN:28,(anonymous_1)
FN:32,(anonymous_2)
FN:34,(anonymous_3)
FN:39,(anonymous_4)
FN:42,(anonymous_5)
FN:48,(anonymous_6)
FN:50,(anonymous_7)
FN:51,(anonymous_8)
FN:55,(anonymous_9)
FN:60,(anonymous_10)
FN:61,(anonymous_11)
FNF:12
FNH:12
FNDA:4,(anonymous_0)
FNDA:4,(anonymous_1)
FNDA:4,(anonymous_2)
FNDA:4,(anonymous_3)
FNDA:1,(anonymous_4)
FNDA:1,(anonymous_5)
FNDA:1,(anonymous_6)
FNDA:1,(anonymous_7)
FNDA:2,(anonymous_8)
FNDA:1,(anonymous_9)
FNDA:1,(anonymous_10)
FNDA:2,(anonymous_11)
DA:12,1
DA:13,1
DA:14,1
DA:20,4
DA:29,4
DA:33,4
DA:34,4
DA:35,4
DA:36,4
DA:40,1
DA:41,1
DA:42,1
DA:43,1
DA:44,1
DA:45,1
DA:49,1
DA:50,1
DA:51,2
DA:52,1
DA:56,1
DA:57,1
DA:58,1
DA:59,1
DA:60,1
DA:61,1
DA:62,2
DA:63,1
DA:65,1
DA:67,1
LF:29
LH:29
BRDA:62,0,0,1
BRDA:62,0,1,1
BRF:2
BRH:2
end_of_record
TN:
SF:/home/georgius/projects/vep/vue-crud-test/src/components/TodoItem.vue
FNF:0
FNH:0
DA:9,3
LF:1
LH:1
BRF:0
BRH:0
end_of_record
TN:
SF:/home/georgius/projects/vep/vue-crud-test/src/components/TodoList.vue
FNF:0
FNH:0
DA:13,2
DA:14,2
LF:2
LH:2
BRF:0
BRH:0
end_of_record
TN:
SF:/home/georgius/projects/vep/vue-crud-test/src/services/todos.js
FN:4,list
FN:5,(anonymous_1)
FN:10,add
FN:11,(anonymous_3)
FN:16,update
FN:20,remove
FNF:6
FNH:6
FNDA:1,list
FNDA:1,(anonymous_1)
FNDA:1,add
FNDA:1,(anonymous_3)
FNDA:1,update
FNDA:1,remove
DA:2,2
DA:3,2
DA:5,1
DA:6,1
DA:11,1
DA:12,1
DA:17,1
DA:21,1
LF:8
LH:8
BRF:0
BRH:0
end_of_record
